[debug] [2026-07-10T07:09:34.298Z] : 
[debug] [2026-07-10T07:09:34.299Z] : ----------------------------------------------------------------------
[debug] [2026-07-10T07:09:34.300Z] : Command:      D:\Software\Node.js\node.exe C:\Users\moham\AppData\Roaming\npm\node_modules\zcatalyst-cli\lib\bin\catalyst.js serve
[debug] [2026-07-10T07:09:34.300Z] : CLI Version:  1.26.2
[debug] [2026-07-10T07:09:34.300Z] : Platform:     win32
[debug] [2026-07-10T07:09:34.300Z] : Node Version: v24.18.0
[debug] [2026-07-10T07:09:34.300Z] : Time:         Fri Jul 10 2026 12:39:34 GMT+0530 (India Standard Time)
[debug] [2026-07-10T07:09:34.300Z] : ----------------------------------------------------------------------
[debug] [2026-07-10T07:09:34.300Z] : 
[debug] [2026-07-10T07:09:34.596Z] : > authorizing via signed-in user option
[debug] [2026-07-10T07:09:34.596Z] : > command requires scopes: ["ZohoCatalyst.projects.ALL","ZohoCatalyst.apigateway.apis.READ","ZohoCatalyst.apigateway.READ","ZohoCatalyst.segments.ALL","ZohoCatalyst.cache.READ","ZohoCatalyst.cache.CREATE","ZohoCatalyst.cache.DELETE","ZohoCatalyst.projects.ALL","ZohoCatalyst.cron.ALL","ZohoCatalyst.zcql.CREATE","ZohoCatalyst.projects.users.READ","ZohoCatalyst.projects.users.CREATE","ZohoCatalyst.projects.users.DELETE","ZohoCatalyst.projects.users.UPDATE","ZohoCatalyst.authentication.CREATE","ZohoCatalyst.email.CREATE","ZohoCatalyst.tables.ALL","ZohoCatalyst.tables.rows.ALL","ZohoCatalyst.tables.columns.ALL","ZohoCatalyst.tables.bulk.CREATE","ZohoCatalyst.tables.bulk.READ","ZohoCatalyst.folders.ALL","ZohoCatalyst.files.CREATE","ZohoCatalyst.files.READ","ZohoCatalyst.files.DELETE","ZohoCatalyst.functions.ALL","ZohoCatalyst.functions.EXECUTE","ZohoCatalyst.eventlistners.ALL","ZohoCatalyst.eventlisteners.produce","ZohoCatalyst.security.rules.Read","ZohoCatalyst.security.rules.Update","ZohoCatalyst.notifications.mobile","ZohoCatalyst.notifications.web","ZohoCatalyst.search.READ","ZohoCatalyst.mlkit.READ","QuickML.deployment.READ","ZohoCatalyst.pdfshot.execute","ZohoCatalyst.grid.READ","ZohoCatalyst.grid.terminate","ZohoCatalyst.circuits.execution.DELETE","ZohoCatalyst.circuits.execution.READ","ZohoCatalyst.circuits.execute","ZohoCatalyst.appsail.Read","ZohoCatalyst.jobpool.READ","ZohoCatalyst.job.ALL","ZohoCatalyst.nosql.READ","ZohoCatalyst.nosql.rows.ALL"]
[debug] [2026-07-10T07:09:34.606Z] : > refreshing access token <
[debug] [2026-07-10T07:09:34.606Z] : >>>> HTTP REQUEST : POST https://accounts.zoho.in/oauth/v2/token 
<request body omitted>

[debug] [2026-07-10T07:09:34.965Z] : <<<< HTTP RESPONSE : 200
Response Headers: {"server":"ZGS","date":"Fri, 10 Jul 2026 07:09:33 GMT","content-type":"application/json;charset=UTF-8","content-length":"2523","connection":"keep-alive","cache-control":"no-store","x-content-type-options":"nosniff","pragma":"no-cache","x-frame-options":"SAMEORIGIN","vary":"accept-encoding","content-language":"en-US","strict-transport-security":"max-age=64072000; includeSubDomains; preload"}

[debug] [2026-07-10T07:09:34.975Z] : >>>> HTTP REQUEST : GET https://api.catalyst.zoho.in/baas/v1/project/47727000000030026 

[debug] [2026-07-10T07:09:35.262Z] : <<<< HTTP RESPONSE : 200
Response Headers: {"server":"ZGS","date":"Fri, 10 Jul 2026 07:09:33 GMT","content-type":"application/vnd.catalyst.v2+json","transfer-encoding":"chunked","connection":"keep-alive","x-content-type-options":"nosniff","cache-control":"private,no-cache,no-store,max-age=0,must-revalidate","pragma":"no-cache","expires":"Thu, 01 Jan 1970 00:00:00 GMT","x-frame-options":"DENY","strict-transport-security":"max-age=64072000; includeSubDomains; preload"}

[debug] [2026-07-10T07:09:35.263Z] : >>>> HTTP REQUEST : GET https://api.catalyst.zoho.in/baas/v1/project/47727000000030026/environment 

[debug] [2026-07-10T07:09:35.368Z] : <<<< HTTP RESPONSE : 200
Response Headers: {"server":"ZGS","date":"Fri, 10 Jul 2026 07:09:33 GMT","content-type":"application/vnd.catalyst.v2+json","transfer-encoding":"chunked","connection":"keep-alive","x-content-type-options":"nosniff","cache-control":"private,no-cache,no-store,max-age=0,must-revalidate","pragma":"no-cache","expires":"Thu, 01 Jan 1970 00:00:00 GMT","x-frame-options":"DENY","strict-transport-security":"max-age=64072000; includeSubDomains; preload"}

[debug] [2026-07-10T07:09:35.440Z] : >>>> HTTP REQUEST : GET https://api.catalyst.zoho.in/baas/get-details 
Query params: {"feature_name":"runtime"}

[debug] [2026-07-10T07:09:35.708Z] : <<<< HTTP RESPONSE : 200
Response Headers: {"server":"ZGS","date":"Fri, 10 Jul 2026 07:09:34 GMT","content-type":"application/vnd.catalyst.v2+json","transfer-encoding":"chunked","connection":"keep-alive","x-content-type-options":"nosniff","cache-control":"private,no-cache,no-store,max-age=0,must-revalidate","pragma":"no-cache","expires":"Thu, 01 Jan 1970 00:00:00 GMT","x-frame-options":"DENY","strict-transport-security":"max-age=64072000; includeSubDomains; preload"}

[debug] [2026-07-10T07:09:35.714Z] : >>>> HTTP REQUEST : GET https://api.catalyst.zoho.in/baas/v1/project/47727000000030026/function 
Query params: {"type":"basicio,event,cron,applogic,integration,browser_logic,job"}

[debug] [2026-07-10T07:09:35.883Z] : <<<< HTTP RESPONSE : 200
Response Headers: {"server":"ZGS","date":"Fri, 10 Jul 2026 07:09:34 GMT","content-type":"application/vnd.catalyst.v2+json","transfer-encoding":"chunked","connection":"keep-alive","x-content-type-options":"nosniff","cache-control":"private,no-cache,no-store,max-age=0,must-revalidate","pragma":"no-cache","expires":"Thu, 01 Jan 1970 00:00:00 GMT","x-frame-options":"DENY","strict-transport-security":"max-age=64072000; includeSubDomains; preload"}

[warn] [2026-07-10T07:09:35.894Z] : ‼ skipping serve of function [ksp_intelli_q_function] since deployment.stack is unknown in catalyst-config.json file.
[warn] [2026-07-10T07:09:35.894Z] : ‼ functions: No targets are ready to be served in local
[debug] [2026-07-10T07:09:35.977Z] : No basic functions to add
[info] [2026-07-10T07:09:37.345Z] : [react-plugin]: Starting the development server...

[info] [2026-07-10T07:09:37.347Z] : 
[info] [2026-07-10T07:09:37.347Z] : i Client[KSPIntelliQ]: Plugin : "zcatalyst-cli-plugin-react" is used for client serve
[info] [2026-07-10T07:09:37.347Z] : 
[debug] [2026-07-10T07:09:38.093Z] : No API Gateway configuration found. Skipping API Gateway rules
[info] [2026-07-10T07:09:38.095Z] : 
[info] [2026-07-10T07:09:38.096Z] :  >>>>>>>>>>>>> Web Client <<<<<<<<<<<<
[info] [2026-07-10T07:09:38.096Z] : i client[KSPIntelliQ]: http://localhost:3000/app/
[info] [2026-07-10T07:09:38.096Z] : 
[info] [2026-07-10T07:09:38.669Z] : [react-plugin]: Compiled successfully!
[info] [2026-07-10T07:09:38.670Z] : [react-plugin]: 
[info] [2026-07-10T07:09:38.670Z] : [react-plugin]: You can now view react-app in the browser.
[info] [2026-07-10T07:09:38.670Z] : [react-plugin]: 
[info] [2026-07-10T07:09:38.670Z] : [react-plugin]:   Local:            http://localhost:3000/app/
[info] [2026-07-10T07:09:38.671Z] : [react-plugin]:   On Your Network:  http://192.168.137.1:3000/app/
[info] [2026-07-10T07:09:38.671Z] : [react-plugin]: 
[info] [2026-07-10T07:09:38.671Z] : [react-plugin]: Note that the development build is not optimized.
[info] [2026-07-10T07:09:38.671Z] : [react-plugin]: To create a production build, use npm run build.
[info] [2026-07-10T07:09:38.671Z] : [react-plugin]: 
[info] [2026-07-10T07:09:38.821Z] : [1783667378821]  "GET"  "/app/"
[info] [2026-07-10T07:09:38.891Z] : [1783667378891]  "GET"  "/__catalyst/sdk/init.js"
[info] [2026-07-10T07:09:39.038Z] : [1783667379037]  "GET"  "/app/static/js/bundle.js"
[info] [2026-07-10T07:09:39.208Z] : [1783667379207]  "GET"  "/app/manifest.json"
[info] [2026-07-10T07:09:39.878Z] : [1783667379878]  "GET"  "/app/favicon.ico"
[info] [2026-07-10T07:09:39.881Z] : [1783667379881]  "GET"  "/app/logo192.png"
[debug] [2026-07-10T09:18:25.154Z] : 
[debug] [2026-07-10T09:18:25.155Z] : ----------------------------------------------------------------------
[debug] [2026-07-10T09:18:25.155Z] : Command:      D:\Software\Node.js\node.exe C:\Users\moham\AppData\Roaming\npm\node_modules\zcatalyst-cli\lib\bin\catalyst.js serve
[debug] [2026-07-10T09:18:25.155Z] : CLI Version:  1.26.2
[debug] [2026-07-10T09:18:25.155Z] : Platform:     win32
[debug] [2026-07-10T09:18:25.155Z] : Node Version: v24.18.0
[debug] [2026-07-10T09:18:25.155Z] : Time:         Fri Jul 10 2026 14:48:25 GMT+0530 (India Standard Time)
[debug] [2026-07-10T09:18:25.155Z] : ----------------------------------------------------------------------
[debug] [2026-07-10T09:18:25.155Z] : 
[debug] [2026-07-10T09:18:25.659Z] : > authorizing via signed-in user option
[debug] [2026-07-10T09:18:25.659Z] : > command requires scopes: ["ZohoCatalyst.projects.ALL","ZohoCatalyst.apigateway.apis.READ","ZohoCatalyst.apigateway.READ","ZohoCatalyst.segments.ALL","ZohoCatalyst.cache.READ","ZohoCatalyst.cache.CREATE","ZohoCatalyst.cache.DELETE","ZohoCatalyst.projects.ALL","ZohoCatalyst.cron.ALL","ZohoCatalyst.zcql.CREATE","ZohoCatalyst.projects.users.READ","ZohoCatalyst.projects.users.CREATE","ZohoCatalyst.projects.users.DELETE","ZohoCatalyst.projects.users.UPDATE","ZohoCatalyst.authentication.CREATE","ZohoCatalyst.email.CREATE","ZohoCatalyst.tables.ALL","ZohoCatalyst.tables.rows.ALL","ZohoCatalyst.tables.columns.ALL","ZohoCatalyst.tables.bulk.CREATE","ZohoCatalyst.tables.bulk.READ","ZohoCatalyst.folders.ALL","ZohoCatalyst.files.CREATE","ZohoCatalyst.files.READ","ZohoCatalyst.files.DELETE","ZohoCatalyst.functions.ALL","ZohoCatalyst.functions.EXECUTE","ZohoCatalyst.eventlistners.ALL","ZohoCatalyst.eventlisteners.produce","ZohoCatalyst.security.rules.Read","ZohoCatalyst.security.rules.Update","ZohoCatalyst.notifications.mobile","ZohoCatalyst.notifications.web","ZohoCatalyst.search.READ","ZohoCatalyst.mlkit.READ","QuickML.deployment.READ","ZohoCatalyst.pdfshot.execute","ZohoCatalyst.grid.READ","ZohoCatalyst.grid.terminate","ZohoCatalyst.circuits.execution.DELETE","ZohoCatalyst.circuits.execution.READ","ZohoCatalyst.circuits.execute","ZohoCatalyst.appsail.Read","ZohoCatalyst.jobpool.READ","ZohoCatalyst.job.ALL","ZohoCatalyst.nosql.READ","ZohoCatalyst.nosql.rows.ALL"]
[debug] [2026-07-10T09:18:25.670Z] : > refreshing access token <
[debug] [2026-07-10T09:18:25.671Z] : >>>> HTTP REQUEST : POST https://accounts.zoho.in/oauth/v2/token 
<request body omitted>

[debug] [2026-07-10T09:18:25.946Z] : <<<< HTTP RESPONSE : 200
Response Headers: {"server":"ZGS","date":"Fri, 10 Jul 2026 09:18:24 GMT","content-type":"application/json;charset=UTF-8","content-length":"2523","connection":"keep-alive","cache-control":"no-store","x-content-type-options":"nosniff","pragma":"no-cache","x-frame-options":"SAMEORIGIN","vary":"accept-encoding","content-language":"en-US","strict-transport-security":"max-age=64072000; includeSubDomains; preload"}

[debug] [2026-07-10T09:18:25.956Z] : >>>> HTTP REQUEST : GET https://api.catalyst.zoho.in/baas/v1/project/47727000000030026 

[debug] [2026-07-10T09:18:26.267Z] : <<<< HTTP RESPONSE : 200
Response Headers: {"server":"ZGS","date":"Fri, 10 Jul 2026 09:18:24 GMT","content-type":"application/vnd.catalyst.v2+json","transfer-encoding":"chunked","connection":"keep-alive","x-content-type-options":"nosniff","cache-control":"private,no-cache,no-store,max-age=0,must-revalidate","pragma":"no-cache","expires":"Thu, 01 Jan 1970 00:00:00 GMT","x-frame-options":"DENY","strict-transport-security":"max-age=64072000; includeSubDomains; preload"}

[debug] [2026-07-10T09:18:26.268Z] : >>>> HTTP REQUEST : GET https://api.catalyst.zoho.in/baas/v1/project/47727000000030026/environment 

[debug] [2026-07-10T09:18:26.350Z] : <<<< HTTP RESPONSE : 200
Response Headers: {"server":"ZGS","date":"Fri, 10 Jul 2026 09:18:24 GMT","content-type":"application/vnd.catalyst.v2+json","transfer-encoding":"chunked","connection":"keep-alive","x-content-type-options":"nosniff","cache-control":"private,no-cache,no-store,max-age=0,must-revalidate","pragma":"no-cache","expires":"Thu, 01 Jan 1970 00:00:00 GMT","x-frame-options":"DENY","strict-transport-security":"max-age=64072000; includeSubDomains; preload"}

[debug] [2026-07-10T09:18:26.426Z] : >>>> HTTP REQUEST : GET https://api.catalyst.zoho.in/baas/get-details 
Query params: {"feature_name":"runtime"}

[debug] [2026-07-10T09:18:26.492Z] : <<<< HTTP RESPONSE : 200
Response Headers: {"server":"ZGS","date":"Fri, 10 Jul 2026 09:18:25 GMT","content-type":"application/vnd.catalyst.v2+json","transfer-encoding":"chunked","connection":"keep-alive","x-content-type-options":"nosniff","cache-control":"private,no-cache,no-store,max-age=0,must-revalidate","pragma":"no-cache","expires":"Thu, 01 Jan 1970 00:00:00 GMT","x-frame-options":"DENY","strict-transport-security":"max-age=64072000; includeSubDomains; preload"}

[debug] [2026-07-10T09:18:26.498Z] : >>>> HTTP REQUEST : GET https://api.catalyst.zoho.in/baas/v1/project/47727000000030026/function 
Query params: {"type":"basicio,event,cron,applogic,integration,browser_logic,job"}

[debug] [2026-07-10T09:18:26.576Z] : <<<< HTTP RESPONSE : 200
Response Headers: {"server":"ZGS","date":"Fri, 10 Jul 2026 09:18:25 GMT","content-type":"application/vnd.catalyst.v2+json","transfer-encoding":"chunked","connection":"keep-alive","x-content-type-options":"nosniff","cache-control":"private,no-cache,no-store,max-age=0,must-revalidate","pragma":"no-cache","expires":"Thu, 01 Jan 1970 00:00:00 GMT","x-frame-options":"DENY","strict-transport-security":"max-age=64072000; includeSubDomains; preload"}

[warn] [2026-07-10T09:18:26.585Z] : ‼ skipping serve of function [ksp_intelli_q_function] since deployment.stack is unknown in catalyst-config.json file.
[warn] [2026-07-10T09:18:26.585Z] : ‼ functions: No targets are ready to be served in local
[debug] [2026-07-10T09:18:26.658Z] : No basic functions to add
[info] [2026-07-10T09:18:27.907Z] : [react-plugin]: Starting the development server...

[info] [2026-07-10T09:18:27.908Z] : 
[info] [2026-07-10T09:18:27.908Z] : i Client[KSPIntelliQ]: Plugin : "zcatalyst-cli-plugin-react" is used for client serve
[info] [2026-07-10T09:18:27.908Z] : 
[debug] [2026-07-10T09:18:28.550Z] : No API Gateway configuration found. Skipping API Gateway rules
[info] [2026-07-10T09:18:28.552Z] : 
[info] [2026-07-10T09:18:28.553Z] :  >>>>>>>>>>>>> Web Client <<<<<<<<<<<<
[info] [2026-07-10T09:18:28.553Z] : i client[KSPIntelliQ]: http://localhost:3000/app/
[info] [2026-07-10T09:18:28.553Z] : 
[info] [2026-07-10T09:18:29.257Z] : [1783675109256]  "GET"  "/app/"
[info] [2026-07-10T09:18:32.616Z] : [react-plugin]: Compiled successfully!
[info] [2026-07-10T09:18:32.616Z] : [react-plugin]: 
[info] [2026-07-10T09:18:32.616Z] : [react-plugin]: You can now view react-app in the browser.
[info] [2026-07-10T09:18:32.616Z] : [react-plugin]: 
[info] [2026-07-10T09:18:32.616Z] : [react-plugin]:   Local:            http://localhost:3000/app/
[info] [2026-07-10T09:18:32.616Z] : [react-plugin]:   On Your Network:  http://192.168.137.1:3000/app/
[info] [2026-07-10T09:18:32.616Z] : [react-plugin]: 
[info] [2026-07-10T09:18:32.616Z] : [react-plugin]: Note that the development build is not optimized.
[info] [2026-07-10T09:18:32.617Z] : [react-plugin]: To create a production build, use npm run build.
[info] [2026-07-10T09:18:32.617Z] : [react-plugin]: 
[info] [2026-07-10T09:18:32.807Z] : [1783675112807]  "GET"  "/__catalyst/sdk/init.js"
[info] [2026-07-10T09:18:32.855Z] : [1783675112855]  "GET"  "/app/static/js/bundle.js"
[info] [2026-07-10T09:18:33.046Z] : [1783675113045]  "GET"  "/app/manifest.json"
[info] [2026-07-10T09:18:33.655Z] : [1783675113655]  "GET"  "/app/favicon.ico"
[info] [2026-07-10T09:18:33.657Z] : [1783675113657]  "GET"  "/app/logo192.png"
