[debug] [2026-07-09T01:44:36.137Z] : 
[debug] [2026-07-09T01:44:36.138Z] : ----------------------------------------------------------------------
[debug] [2026-07-09T01:44:36.138Z] : Command:      D:\Software\Node.js\node.exe C:\Users\moham\AppData\Roaming\npm\node_modules\zcatalyst-cli\lib\bin\catalyst.js serve
[debug] [2026-07-09T01:44:36.138Z] : CLI Version:  1.26.2
[debug] [2026-07-09T01:44:36.138Z] : Platform:     win32
[debug] [2026-07-09T01:44:36.138Z] : Node Version: v24.18.0
[debug] [2026-07-09T01:44:36.138Z] : Time:         Thu Jul 09 2026 07:14:36 GMT+0530 (India Standard Time)
[debug] [2026-07-09T01:44:36.138Z] : ----------------------------------------------------------------------
[debug] [2026-07-09T01:44:36.138Z] : 
[debug] [2026-07-09T01:44:36.607Z] : > authorizing via signed-in user option
[debug] [2026-07-09T01:44:36.607Z] : > command requires scopes: ["ZohoCatalyst.projects.ALL","ZohoCatalyst.apigateway.apis.READ","ZohoCatalyst.apigateway.READ","ZohoCatalyst.segments.ALL","ZohoCatalyst.cache.READ","ZohoCatalyst.cache.CREATE","ZohoCatalyst.cache.DELETE","ZohoCatalyst.projects.ALL","ZohoCatalyst.cron.ALL","ZohoCatalyst.zcql.CREATE","ZohoCatalyst.projects.users.READ","ZohoCatalyst.projects.users.CREATE","ZohoCatalyst.projects.users.DELETE","ZohoCatalyst.projects.users.UPDATE","ZohoCatalyst.authentication.CREATE","ZohoCatalyst.email.CREATE","ZohoCatalyst.tables.ALL","ZohoCatalyst.tables.rows.ALL","ZohoCatalyst.tables.columns.ALL","ZohoCatalyst.tables.bulk.CREATE","ZohoCatalyst.tables.bulk.READ","ZohoCatalyst.folders.ALL","ZohoCatalyst.files.CREATE","ZohoCatalyst.files.READ","ZohoCatalyst.files.DELETE","ZohoCatalyst.functions.ALL","ZohoCatalyst.functions.EXECUTE","ZohoCatalyst.eventlistners.ALL","ZohoCatalyst.eventlisteners.produce","ZohoCatalyst.security.rules.Read","ZohoCatalyst.security.rules.Update","ZohoCatalyst.notifications.mobile","ZohoCatalyst.notifications.web","ZohoCatalyst.search.READ","ZohoCatalyst.mlkit.READ","QuickML.deployment.READ","ZohoCatalyst.pdfshot.execute","ZohoCatalyst.grid.READ","ZohoCatalyst.grid.terminate","ZohoCatalyst.circuits.execution.DELETE","ZohoCatalyst.circuits.execution.READ","ZohoCatalyst.circuits.execute","ZohoCatalyst.appsail.Read","ZohoCatalyst.jobpool.READ","ZohoCatalyst.job.ALL","ZohoCatalyst.nosql.READ","ZohoCatalyst.nosql.rows.ALL"]
[debug] [2026-07-09T01:44:36.618Z] : >>>> HTTP REQUEST : GET https://api.catalyst.zoho.in/baas/v1/project/47727000000030026 

[debug] [2026-07-09T01:44:36.905Z] : <<<< HTTP RESPONSE : 200
Response Headers: {"server":"ZGS","date":"Thu, 09 Jul 2026 01:44:35 GMT","content-type":"application/vnd.catalyst.v2+json","transfer-encoding":"chunked","connection":"keep-alive","x-content-type-options":"nosniff","cache-control":"private,no-cache,no-store,max-age=0,must-revalidate","pragma":"no-cache","expires":"Thu, 01 Jan 1970 00:00:00 GMT","x-frame-options":"DENY","strict-transport-security":"max-age=64072000; includeSubDomains; preload"}

[debug] [2026-07-09T01:44:36.907Z] : >>>> HTTP REQUEST : GET https://api.catalyst.zoho.in/baas/v1/project/47727000000030026/environment 

[debug] [2026-07-09T01:44:36.997Z] : <<<< HTTP RESPONSE : 200
Response Headers: {"server":"ZGS","date":"Thu, 09 Jul 2026 01:44:35 GMT","content-type":"application/vnd.catalyst.v2+json","transfer-encoding":"chunked","connection":"keep-alive","x-content-type-options":"nosniff","cache-control":"private,no-cache,no-store,max-age=0,must-revalidate","pragma":"no-cache","expires":"Thu, 01 Jan 1970 00:00:00 GMT","x-frame-options":"DENY","strict-transport-security":"max-age=64072000; includeSubDomains; preload"}

[debug] [2026-07-09T01:44:37.063Z] : http port : '3000' is not available. Hence port '3003' will be used instead.
[debug] [2026-07-09T01:44:37.138Z] : http port : '5000' is not available. Hence port '5003' will be used instead.
[debug] [2026-07-09T01:44:37.139Z] : No basic functions to add
[info] [2026-07-09T01:44:38.347Z] : [react-plugin]: Starting the development server...

[info] [2026-07-09T01:44:38.348Z] : 
[info] [2026-07-09T01:44:38.348Z] : i Client[react-app]: Plugin : "zcatalyst-cli-plugin-react" is used for client serve
[info] [2026-07-09T01:44:38.349Z] : 
[debug] [2026-07-09T01:44:38.979Z] : No API Gateway configuration found. Skipping API Gateway rules
[info] [2026-07-09T01:44:38.980Z] : 
[info] [2026-07-09T01:44:38.981Z] :  >>>>>>>>>>>>> Web Client <<<<<<<<<<<<
[info] [2026-07-09T01:44:38.981Z] : i client[react-app]: http://localhost:3003/app/
[info] [2026-07-09T01:44:38.981Z] : 
[info] [2026-07-09T01:44:39.259Z] : [react-plugin]: Failed to compile.

[info] [2026-07-09T01:44:39.259Z] : [react-plugin]: Module not found: Error: Can't resolve '../catalystInit' in 'D:\COLLEGE\Hackathon\Datathon\ksp-intelliQ\react-app\src'
[info] [2026-07-09T01:44:39.727Z] : [1783561479727]  "GET"  "/app/"
[info] [2026-07-09T01:44:39.758Z] : [1783561479758]  "GET"  "/app/static/js/bundle.js"
[info] [2026-07-09T01:44:39.980Z] : [1783561479980]  "GET"  "/app/favicon.ico"
[info] [2026-07-09T01:44:40.090Z] : [1783561480090]  "GET"  "/app/manifest.json"
[info] [2026-07-09T01:44:40.405Z] : [1783561480405]  "GET"  "/app/logo192.png"
